Starting net.fabricmc.loader.impl.game.minecraft.BundlerClassPathCapture
[12:35:47] [main/INFO]: Loading Minecraft 1.21.10 with Fabric Loader 0.17.3
[12:35:48] [main/INFO]: Loading 174 mods:
	- antixray 1.4.10
	   \-- com_moandjiezana_toml_toml4j 0.7.2
	- balm 21.10.8
	   \-- kuma_api 21.10.5
	- banhammer 0.15.0+1.21.9
	   |-- com_mysql_mysql-connector-j 9.4.0
	   |-- org_postgresql_postgresql 42.7.8
	   |-- org_xerial_sqlite-jdbc 3.50.3.0
	   |-- placeholder-api 2.8.0+1.21.9
	   \-- sgui 1.11.0+1.21.9
	- bluemap 5.13
	   |-- com_flowpowered_flow-math 1.0.3
	   \-- de_bluecolored_bluenbt 3.3.0
	- carpet 1.4.188+v251016
	- carpet-ams-addition 2.61.0
	   |-- annotationtoolbox 0.3
	   \-- top_1024byteeeee_tiny_yaml 1.0.3
	- carpet-org-addition 1.40.1
	   \-- mixinextras 0.5.0
	- carpet-tis-addition 1.71.1
	   \-- conditional-mixin 0.6.4
	- collective 8.13
	- configured 1.9.4
	   \-- betterconfig 2.4.0
	- coordfinder 1.21.10-1.1.0
	   |-- admiral 0.4.9+1.21.9
	   \-- fabric-api-base 1.0.0+14b92d8968
	- disconnect-packet-fix 2.0.0
	- easyauth 3.4.0
	   |-- at_favre_lib_bcrypt 0.10.2
	   |-- at_favre_lib_bytes 1.6.1
	   |-- de_mkammerer_argon2-jvm 2.12
	   |-- de_mkammerer_argon2-jvm-nolibs 2.12
	   |-- net_java_dev_jna_jna 5.16.0
	   |-- org_iq80_leveldb_leveldb 0.12
	   |-- org_iq80_leveldb_leveldb-api 0.12
	   |-- org_mongodb_bson 5.3.1
	   |-- org_mongodb_mongodb-driver-core 5.3.1
	   |-- org_mongodb_mongodb-driver-sync 5.3.1
	   \-- server_translations_api 2.5.2+1.21.9-pre3
	- essential_commands 0.38.6-mc1.21.9
	   |-- ec-core 1.3.0-mc1.21.9
	   |-- fabric-permissions-api-v0 0.5.0
	   |-- mixinextras 0.5.0
	   |-- org_yaml_snakeyaml 2.5
	   |-- placeholder-api 2.8.0+1.21.9
	   \-- playerabilitylib 1.15.0
	- fabric-api 0.138.3+1.21.10
	   |-- fabric-api-lookup-api-v1 1.6.106+d17682156f
	   |-- fabric-biome-api-v1 16.1.0+c2417d4f6f
	   |-- fabric-block-api-v1 1.1.5+d17682156f
	   |-- fabric-block-view-api-v2 1.0.34+e4fd1b926f
	   |-- fabric-command-api-v2 2.4.0+c0ab2d5d6f
	   |-- fabric-content-registries-v0 10.2.6+b6a242646f
	   |-- fabric-convention-tags-v1 2.1.49+7f945d5b6f
	   |-- fabric-convention-tags-v2 2.17.0+ff7bc77d6f
	   |-- fabric-crash-report-info-v1 0.3.18+33df5e6e6f
	   |-- fabric-data-attachment-api-v1 1.8.33+cd3b9e596f
	   |-- fabric-data-generation-api-v1 23.2.27+d8b85ef16f
	   |-- fabric-dimensions-v1 4.0.22+38b9cc196f
	   |-- fabric-entity-events-v1 2.1.13+fde3702c6f
	   |-- fabric-events-interaction-v0 4.0.36+5ba217126f
	   |-- fabric-game-rule-api-v1 1.1.1+e47eaae56f
	   |-- fabric-item-api-v1 11.5.11+9bce411b6f
	   |-- fabric-item-group-api-v1 4.2.27+86b3ae576f
	   |-- fabric-key-binding-api-v1 1.1.1+b3ba9c486f
	   |-- fabric-lifecycle-events-v1 2.6.9+33df5e6e6f
	   |-- fabric-loot-api-v2 3.0.67+3f89f5a56f
	   |-- fabric-loot-api-v3 2.0.14+d17682156f
	   |-- fabric-message-api-v1 6.1.7+3154c1c86f
	   |-- fabric-model-loading-api-v1 6.0.4+3ffd6ef06f
	   |-- fabric-networking-api-v1 5.1.0+b095d8db6f
	   |-- fabric-object-builder-api-v1 21.1.28+9bce411b6f
	   |-- fabric-particles-v1 4.2.3+a0ee59a46f
	   |-- fabric-recipe-api-v1 8.2.0+39709ef06f
	   |-- fabric-registry-sync-v0 6.1.42+679c8c5c6f
	   |-- fabric-renderer-api-v1 7.2.2+3706cdf36f
	   |-- fabric-renderer-indigo 4.1.3+d7df91576f
	   |-- fabric-rendering-fluids-v1 3.1.38+86b3ae576f
	   |-- fabric-rendering-v1 16.2.0+bee81f016f
	   |-- fabric-resource-conditions-api-v1 5.0.28+33df5e6e6f
	   |-- fabric-resource-loader-v0 3.3.1+d4d4122a6f
	   |-- fabric-resource-loader-v1 1.0.4+14959b836f
	   |-- fabric-screen-api-v1 3.1.0+9c82a7986f
	   |-- fabric-screen-handler-api-v1 1.3.151+d17682156f
	   |-- fabric-serialization-api-v1 1.0.0+d857c9766f
	   |-- fabric-sound-api-v1 1.0.45+328a75ba6f
	   |-- fabric-tag-api-v1 1.2.13+2fa446b26f
	   |-- fabric-transfer-api-v1 6.0.15+79ec2c126f
	   \-- fabric-transitive-access-wideners-v1 6.5.3+41eb43436f
	- fabric-language-kotlin 1.13.7+kotlin.2.2.21
	   |-- org_jetbrains_kotlin_kotlin-reflect 2.2.21
	   |-- org_jetbrains_kotlin_kotlin-stdlib 2.2.21
	   |-- org_jetbrains_kotlin_kotlin-stdlib-jdk7 2.2.21
	   |-- org_jetbrains_kotlin_kotlin-stdlib-jdk8 2.2.21
	   |-- org_jetbrains_kotlinx_atomicfu-jvm 0.29.0
	   |-- org_jetbrains_kotlinx_kotlinx-coroutines-core-jvm 1.10.2
	   |-- org_jetbrains_kotlinx_kotlinx-coroutines-jdk8 1.10.2
	   |-- org_jetbrains_kotlinx_kotlinx-datetime-jvm 0.7.1
	   |-- org_jetbrains_kotlinx_kotlinx-io-bytestring-jvm 0.8.0
	   |-- org_jetbrains_kotlinx_kotlinx-io-core-jvm 0.8.0
	   |-- org_jetbrains_kotlinx_kotlinx-serialization-cbor-jvm 1.9.0
	   |-- org_jetbrains_kotlinx_kotlinx-serialization-core-jvm 1.9.0
	   \-- org_jetbrains_kotlinx_kotlinx-serialization-json-jvm 1.9.0
	- fabricloader 0.17.3
	   \-- mixinextras 0.5.0
	- fabrictailor 2.8.1
	   |-- config2brigadier 2.1.0
	   \-- fabric-permissions-api-v0 0.5.0
	- ferritecore 8.0.2
	- fsit 2.8.3+mc1.21.9
	- handoveryouritems 3.6
	- imfast 1.0.3
	- invview 1.4.18-1.21.9+
	   \-- sgui 1.11.0+1.21.9
	- java 23
	- krypton 0.2.10
	   \-- com_velocitypowered_velocity-native 3.4.0-SNAPSHOT
	- lithium 0.20.0+mc1.21.10
	- luckperms 5.5.17
	   \-- fabric-permissions-api-v0 0.5.0
	- minecraft 1.21.10
	- minimotd-fabric 2.2.1
	   \-- adventure-platform-fabric 6.7.0
	        |-- net_kyori_adventure-api 4.25.0
	        |-- net_kyori_adventure-key 4.25.0
	        |-- net_kyori_adventure-platform-api 4.4.1
	        |-- net_kyori_adventure-platform-mod-shared-fabric-repack 6.7.0
	        |-- net_kyori_adventure-text-logger-slf4j 4.25.0
	        |-- net_kyori_adventure-text-minimessage 4.25.0
	        |-- net_kyori_adventure-text-serializer-ansi 4.25.0
	        |-- net_kyori_adventure-text-serializer-gson 4.25.0
	        |-- net_kyori_adventure-text-serializer-json 4.25.0
	        |-- net_kyori_adventure-text-serializer-plain 4.25.0
	        |-- net_kyori_ansi 1.1.1
	        |-- net_kyori_examination-api 1.3.0
	        |-- net_kyori_examination-string 1.3.0
	        \-- net_kyori_option 1.1.0
	- mocap 1.3.9
	- mr_data_api 1.9.5
	- orediscoverybroadcast 2.3
	- otterlib 0.2.2.1+1.21.10-fabric
	- scalablelux 0.1.6+fabric.c25518a
	- server-replay 3.1.1+1.21.9
	   |-- arcade-commands 0.7.2-beta.1
	   |-- arcade-event-registry 0.7.2-beta.1
	   |-- arcade-events-server 0.7.2-beta.1
	   |-- arcade-replay 0.7.2-beta.1
	   |-- arcade-resource-pack-host 0.7.2-beta.1
	   |    |-- inject 3.1.4
	   |    |-- net_mcbrawls_inject_api 3.1.4
	   |    \-- net_mcbrawls_inject_http 3.1.4
	   |-- arcade-utils 0.7.2-beta.1
	   \-- fabric-permissions-api-v0 0.5.0
	- sit-oth3r 1.2.5.0+1.21.9-1.21.10
	- starterkit 7.6
	- styledchat 2.10.0+1.21.9
	   |-- placeholder-api 2.8.0+1.21.9
	   |-- player-data-api 0.9.0+1.21.9
	   \-- predicate-api 0.6.1+1.21.9
	- styledplayerlist 3.9.0+1.21.9
	   |-- placeholder-api 2.8.0+1.21.9
	   |-- player-data-api 0.9.0+1.21.9
	   \-- predicate-api 0.6.1+1.21.9
	- trade 1.4.0+1.21.10
	   |-- borislib 1.0.3+1.21.10-BETA
	   |    |-- cardinal-components-base 7.2.0
	   |    |-- cardinal-components-entity 7.2.0
	   |    |-- cardinal-components-world 7.2.0
	   |    |-- polymer-autohost 0.14.3+1.21.10
	   |    |-- polymer-blocks 0.14.3+1.21.10
	   |    |-- polymer-core 0.14.3+1.21.10
	   |    |    |-- polymer-networking 0.14.3+1.21.10
	   |    |    |    \-- polymer-common 0.14.3+1.21.10
	   |    |    |         \-- packet_tweaker 0.6.0+1.21.10
	   |    |    \-- polymer-registry-sync-manipulator 0.14.3+1.21.10
	   |    |-- polymer-networking 0.14.3+1.21.10
	   |    |    \-- polymer-common 0.14.3+1.21.10
	   |    |         \-- packet_tweaker 0.6.0+1.21.10
	   |    |-- polymer-resource-pack 0.14.3+1.21.10
	   |    |    \-- polymer-common 0.14.3+1.21.10
	   |    |         \-- packet_tweaker 0.6.0+1.21.10
	   |    |-- polymer-virtual-entity 0.14.3+1.21.10
	   |    |    \-- polymer-common 0.14.3+1.21.10
	   |    |         \-- packet_tweaker 0.6.0+1.21.10
	   |    |-- server_translations_api 2.5.2+1.21.9-pre3
	   |    \-- sgui 1.11.0+1.21.9
	   |-- cardinal-components-base 7.2.0
	   |-- cardinal-components-entity 7.2.0
	   |-- cardinal-components-world 7.2.0
	   |-- polymer-autohost 0.14.3+1.21.10
	   |-- polymer-blocks 0.14.3+1.21.10
	   |-- polymer-core 0.14.3+1.21.10
	   |    |-- polymer-networking 0.14.3+1.21.10
	   |    |    \-- polymer-common 0.14.3+1.21.10
	   |    |         \-- packet_tweaker 0.6.0+1.21.10
	   |    \-- polymer-registry-sync-manipulator 0.14.3+1.21.10
	   |-- polymer-networking 0.14.3+1.21.10
	   |    \-- polymer-common 0.14.3+1.21.10
	   |         \-- packet_tweaker 0.6.0+1.21.10
	   |-- polymer-resource-pack 0.14.3+1.21.10
	   |    \-- polymer-common 0.14.3+1.21.10
	   |         \-- packet_tweaker 0.6.0+1.21.10
	   |-- polymer-virtual-entity 0.14.3+1.21.10
	   |    \-- polymer-common 0.14.3+1.21.10
	   |         \-- packet_tweaker 0.6.0+1.21.10
	   |-- server_translations_api 2.5.2+1.21.9-pre3
	   \-- sgui 1.11.0+1.21.9
	- transcendingtrident 5.0
	- vanish 1.6.1+1.21.10
	   |-- placeholder-api 2.8.0+1.21.9
	   |-- player-data-api 0.9.0+1.21.9
	   \-- server_translations_api 2.5.2+1.21.9-pre3
	- worldedit 7.3.17+7262-c7fbe08
	   \-- worldeditcui_protocol 4.0.2
	- yet_another_config_lib_v3 3.8.0+1.21.9-fabric
	   |-- com_twelvemonkeys_common_common-image 3.12.0
	   |-- com_twelvemonkeys_common_common-io 3.12.0
	   |-- com_twelvemonkeys_common_common-lang 3.12.0
	   |-- com_twelvemonkeys_imageio_imageio-core 3.12.0
	   |-- com_twelvemonkeys_imageio_imageio-metadata 3.12.0
	   |-- com_twelvemonkeys_imageio_imageio-webp 3.12.0
	   |-- org_quiltmc_parsers_gson 0.2.1
	   \-- org_quiltmc_parsers_json 0.2.1
	- youritemsaresafe 4.7
[12:35:48] [main/INFO]: SpongePowered MIXIN Subsystem Version=0.8.7 Source=file:/opt/minecraft/server/libraries/net/fabricmc/sponge-mixin/0.16.5+mixin.0.8.7/sponge-mixin-0.16.5+mixin.0.8.7.jar Service=Knot/Fabric Env=SERVER
[12:35:48] [main/INFO]: Compatibility level set to JAVA_21
[12:35:48] [main/INFO]: Loaded configuration file for Lithium: 163 options available, 1 override(s) found.
[12:35:48] [main/WARN]: Reference map 'yet_another_config_lib_v3.refmap.json' for yacl.mixins.json could not be read. If this is a development environment you can ignore this message
[12:35:48] [main/WARN]: Reference map 'yet_another_config_lib_v3.refmap.json' for yacl-fabric.mixins.json could not be read. If this is a development environment you can ignore this message
[12:35:49] [main/INFO]: Force-enabling mixin 'compat.worldedit.LevelChunkMixin' as rule 'mixin.compat.worldedit' (added by mods [lithium]) enables it
[12:35:49] [main/WARN]: [carpet] detected, disabling UPDATE mixin com.sk89q.worldedit.fabric.mixin.MixinLevelChunkSetBlockHook
[12:35:49] [main/INFO]: Initializing MixinExtras via com.llamalad7.mixinextras.service.MixinExtrasServiceImpl(version=0.5.0).
[12:35:57] [main/INFO]: Successfully initialized antixray for fabric
